<?xml version="1.0" encoding="UTF-8"?>
<testng-results skipped="0" failed="0" ignored="0" total="1" passed="1">
  <reporter-output>
  </reporter-output>
  <suite name="Default suite" duration-ms="101" started-at="2020-09-20T09:46:11Z" finished-at="2020-09-20T09:46:11Z">
    <groups>
    </groups>
    <test name="Default test" duration-ms="101" started-at="2020-09-20T09:46:11Z" finished-at="2020-09-20T09:46:11Z">
      <class name="QAacademy.com.MavenJava.AppiumDemoTest">
        <test-method status="PASS" signature="dispAppium()[pri:0, instance:QAacademy.com.MavenJava.AppiumDemoTest@636be97c]" name="dispAppium" duration-ms="28" started-at="2020-09-20T09:46:11Z" finished-at="2020-09-20T09:46:11Z">
          <reporter-output>
          </reporter-output>
        </test-method> <!-- dispAppium -->
      </class> <!-- QAacademy.com.MavenJava.AppiumDemoTest -->
    </test> <!-- Default test -->
  </suite> <!-- Default suite -->
</testng-results>
